ERROR - 2021-12-27 09:45:40 --> Error connecting to the database: No such file or directory
CRITICAL - 2021-12-27 09:46:08 --> Class "CodeIgniter\Database\MySQL\Connection" not found
#0 /home/gusanwa/Programming/Code_igniter/Kelompok_6_Skripsi/skripsi/vendor/codeigniter4/framework/system/Database/Database.php(56): CodeIgniter\Database\Database->initDriver()
#1 /home/gusanwa/Programming/Code_igniter/Kelompok_6_Skripsi/skripsi/vendor/codeigniter4/framework/system/Database/Config.php(78): CodeIgniter\Database\Database->load()
#2 /home/gusanwa/Programming/Code_igniter/Kelompok_6_Skripsi/skripsi/vendor/codeigniter4/framework/system/Common.php(312): CodeIgniter\Database\Config::connect()
#3 /home/gusanwa/Programming/Code_igniter/Kelompok_6_Skripsi/skripsi/vendor/codeigniter4/framework/system/Database/MigrationRunner.php(149): db_connect()
#4 /home/gusanwa/Programming/Code_igniter/Kelompok_6_Skripsi/skripsi/vendor/codeigniter4/framework/system/Config/Services.php(376): CodeIgniter\Database\MigrationRunner->__construct()
#5 /home/gusanwa/Programming/Code_igniter/Kelompok_6_Skripsi/skripsi/vendor/codeigniter4/framework/system/Config/BaseService.php(248): CodeIgniter\Config\Services::migrations()
#6 /home/gusanwa/Programming/Code_igniter/Kelompok_6_Skripsi/skripsi/vendor/codeigniter4/framework/system/Config/BaseService.php(189): CodeIgniter\Config\BaseService::__callStatic()
#7 /home/gusanwa/Programming/Code_igniter/Kelompok_6_Skripsi/skripsi/vendor/codeigniter4/framework/system/Config/Services.php(371): CodeIgniter\Config\BaseService::getSharedInstance()
#8 /home/gusanwa/Programming/Code_igniter/Kelompok_6_Skripsi/skripsi/vendor/codeigniter4/framework/system/Config/BaseService.php(248): CodeIgniter\Config\Services::migrations()
#9 /home/gusanwa/Programming/Code_igniter/Kelompok_6_Skripsi/skripsi/vendor/codeigniter4/framework/system/Commands/Database/Migrate.php(69): CodeIgniter\Config\BaseService::__callStatic()
#10 /home/gusanwa/Programming/Code_igniter/Kelompok_6_Skripsi/skripsi/vendor/codeigniter4/framework/system/CLI/Commands.php(63): CodeIgniter\Commands\Database\Migrate->run()
#11 /home/gusanwa/Programming/Code_igniter/Kelompok_6_Skripsi/skripsi/vendor/codeigniter4/framework/system/CLI/CommandRunner.php(70): CodeIgniter\CLI\Commands->run()
#12 /home/gusanwa/Programming/Code_igniter/Kelompok_6_Skripsi/skripsi/vendor/codeigniter4/framework/system/CLI/CommandRunner.php(56): CodeIgniter\CLI\CommandRunner->index()
#13 /home/gusanwa/Programming/Code_igniter/Kelompok_6_Skripsi/skripsi/vendor/codeigniter4/framework/system/CodeIgniter.php(822): CodeIgniter\CLI\CommandRunner->_remap()
#14 /home/gusanwa/Programming/Code_igniter/Kelompok_6_Skripsi/skripsi/vendor/codeigniter4/framework/system/CodeIgniter.php(410): CodeIgniter\CodeIgniter->runController()
#15 /home/gusanwa/Programming/Code_igniter/Kelompok_6_Skripsi/skripsi/vendor/codeigniter4/framework/system/CodeIgniter.php(318): CodeIgniter\CodeIgniter->handleRequest()
#16 /home/gusanwa/Programming/Code_igniter/Kelompok_6_Skripsi/skripsi/vendor/codeigniter4/framework/system/CLI/Console.php(48): CodeIgniter\CodeIgniter->run()
#17 /home/gusanwa/Programming/Code_igniter/Kelompok_6_Skripsi/skripsi/spark(63): CodeIgniter\CLI\Console->run()
#18 {main}
CRITICAL - 2021-12-27 09:49:19 --> Class "CodeIgniter\Database\MySQL\Connection" not found
#0 /home/gusanwa/Programming/Code_igniter/Kelompok_6_Skripsi/skripsi/vendor/codeigniter4/framework/system/Database/Database.php(56): CodeIgniter\Database\Database->initDriver()
#1 /home/gusanwa/Programming/Code_igniter/Kelompok_6_Skripsi/skripsi/vendor/codeigniter4/framework/system/Database/Config.php(78): CodeIgniter\Database\Database->load()
#2 /home/gusanwa/Programming/Code_igniter/Kelompok_6_Skripsi/skripsi/vendor/codeigniter4/framework/system/Common.php(312): CodeIgniter\Database\Config::connect()
#3 /home/gusanwa/Programming/Code_igniter/Kelompok_6_Skripsi/skripsi/vendor/codeigniter4/framework/system/Database/MigrationRunner.php(149): db_connect()
#4 /home/gusanwa/Programming/Code_igniter/Kelompok_6_Skripsi/skripsi/vendor/codeigniter4/framework/system/Config/Services.php(376): CodeIgniter\Database\MigrationRunner->__construct()
#5 /home/gusanwa/Programming/Code_igniter/Kelompok_6_Skripsi/skripsi/vendor/codeigniter4/framework/system/Config/BaseService.php(248): CodeIgniter\Config\Services::migrations()
#6 /home/gusanwa/Programming/Code_igniter/Kelompok_6_Skripsi/skripsi/vendor/codeigniter4/framework/system/Config/BaseService.php(189): CodeIgniter\Config\BaseService::__callStatic()
#7 /home/gusanwa/Programming/Code_igniter/Kelompok_6_Skripsi/skripsi/vendor/codeigniter4/framework/system/Config/Services.php(371): CodeIgniter\Config\BaseService::getSharedInstance()
#8 /home/gusanwa/Programming/Code_igniter/Kelompok_6_Skripsi/skripsi/vendor/codeigniter4/framework/system/Config/BaseService.php(248): CodeIgniter\Config\Services::migrations()
#9 /home/gusanwa/Programming/Code_igniter/Kelompok_6_Skripsi/skripsi/vendor/codeigniter4/framework/system/Commands/Database/Migrate.php(69): CodeIgniter\Config\BaseService::__callStatic()
#10 /home/gusanwa/Programming/Code_igniter/Kelompok_6_Skripsi/skripsi/vendor/codeigniter4/framework/system/CLI/Commands.php(63): CodeIgniter\Commands\Database\Migrate->run()
#11 /home/gusanwa/Programming/Code_igniter/Kelompok_6_Skripsi/skripsi/vendor/codeigniter4/framework/system/CLI/CommandRunner.php(70): CodeIgniter\CLI\Commands->run()
#12 /home/gusanwa/Programming/Code_igniter/Kelompok_6_Skripsi/skripsi/vendor/codeigniter4/framework/system/CLI/CommandRunner.php(56): CodeIgniter\CLI\CommandRunner->index()
#13 /home/gusanwa/Programming/Code_igniter/Kelompok_6_Skripsi/skripsi/vendor/codeigniter4/framework/system/CodeIgniter.php(822): CodeIgniter\CLI\CommandRunner->_remap()
#14 /home/gusanwa/Programming/Code_igniter/Kelompok_6_Skripsi/skripsi/vendor/codeigniter4/framework/system/CodeIgniter.php(410): CodeIgniter\CodeIgniter->runController()
#15 /home/gusanwa/Programming/Code_igniter/Kelompok_6_Skripsi/skripsi/vendor/codeigniter4/framework/system/CodeIgniter.php(318): CodeIgniter\CodeIgniter->handleRequest()
#16 /home/gusanwa/Programming/Code_igniter/Kelompok_6_Skripsi/skripsi/vendor/codeigniter4/framework/system/CLI/Console.php(48): CodeIgniter\CodeIgniter->run()
#17 /home/gusanwa/Programming/Code_igniter/Kelompok_6_Skripsi/skripsi/spark(63): CodeIgniter\CLI\Console->run()
#18 {main}
CRITICAL - 2021-12-27 09:49:59 --> Class "CodeIgniter\Database\MySQL\Connection" not found
#0 /home/gusanwa/Programming/Code_igniter/Kelompok_6_Skripsi/skripsi/vendor/codeigniter4/framework/system/Database/Database.php(56): CodeIgniter\Database\Database->initDriver()
#1 /home/gusanwa/Programming/Code_igniter/Kelompok_6_Skripsi/skripsi/vendor/codeigniter4/framework/system/Database/Config.php(78): CodeIgniter\Database\Database->load()
#2 /home/gusanwa/Programming/Code_igniter/Kelompok_6_Skripsi/skripsi/vendor/codeigniter4/framework/system/Common.php(312): CodeIgniter\Database\Config::connect()
#3 /home/gusanwa/Programming/Code_igniter/Kelompok_6_Skripsi/skripsi/vendor/codeigniter4/framework/system/Database/MigrationRunner.php(149): db_connect()
#4 /home/gusanwa/Programming/Code_igniter/Kelompok_6_Skripsi/skripsi/vendor/codeigniter4/framework/system/Config/Services.php(376): CodeIgniter\Database\MigrationRunner->__construct()
#5 /home/gusanwa/Programming/Code_igniter/Kelompok_6_Skripsi/skripsi/vendor/codeigniter4/framework/system/Config/BaseService.php(248): CodeIgniter\Config\Services::migrations()
#6 /home/gusanwa/Programming/Code_igniter/Kelompok_6_Skripsi/skripsi/vendor/codeigniter4/framework/system/Config/BaseService.php(189): CodeIgniter\Config\BaseService::__callStatic()
#7 /home/gusanwa/Programming/Code_igniter/Kelompok_6_Skripsi/skripsi/vendor/codeigniter4/framework/system/Config/Services.php(371): CodeIgniter\Config\BaseService::getSharedInstance()
#8 /home/gusanwa/Programming/Code_igniter/Kelompok_6_Skripsi/skripsi/vendor/codeigniter4/framework/system/Config/BaseService.php(248): CodeIgniter\Config\Services::migrations()
#9 /home/gusanwa/Programming/Code_igniter/Kelompok_6_Skripsi/skripsi/vendor/codeigniter4/framework/system/Commands/Database/Migrate.php(69): CodeIgniter\Config\BaseService::__callStatic()
#10 /home/gusanwa/Programming/Code_igniter/Kelompok_6_Skripsi/skripsi/vendor/codeigniter4/framework/system/CLI/Commands.php(63): CodeIgniter\Commands\Database\Migrate->run()
#11 /home/gusanwa/Programming/Code_igniter/Kelompok_6_Skripsi/skripsi/vendor/codeigniter4/framework/system/CLI/CommandRunner.php(70): CodeIgniter\CLI\Commands->run()
#12 /home/gusanwa/Programming/Code_igniter/Kelompok_6_Skripsi/skripsi/vendor/codeigniter4/framework/system/CLI/CommandRunner.php(56): CodeIgniter\CLI\CommandRunner->index()
#13 /home/gusanwa/Programming/Code_igniter/Kelompok_6_Skripsi/skripsi/vendor/codeigniter4/framework/system/CodeIgniter.php(822): CodeIgniter\CLI\CommandRunner->_remap()
#14 /home/gusanwa/Programming/Code_igniter/Kelompok_6_Skripsi/skripsi/vendor/codeigniter4/framework/system/CodeIgniter.php(410): CodeIgniter\CodeIgniter->runController()
#15 /home/gusanwa/Programming/Code_igniter/Kelompok_6_Skripsi/skripsi/vendor/codeigniter4/framework/system/CodeIgniter.php(318): CodeIgniter\CodeIgniter->handleRequest()
#16 /home/gusanwa/Programming/Code_igniter/Kelompok_6_Skripsi/skripsi/vendor/codeigniter4/framework/system/CLI/Console.php(48): CodeIgniter\CodeIgniter->run()
#17 /home/gusanwa/Programming/Code_igniter/Kelompok_6_Skripsi/skripsi/spark(63): CodeIgniter\CLI\Console->run()
#18 {main}
CRITICAL - 2021-12-27 09:51:25 --> Class "CodeIgniter\Database\MySQL\Connection" not found
#0 /home/gusanwa/Programming/Code_igniter/Kelompok_6_Skripsi/skripsi/vendor/codeigniter4/framework/system/Database/Database.php(56): CodeIgniter\Database\Database->initDriver()
#1 /home/gusanwa/Programming/Code_igniter/Kelompok_6_Skripsi/skripsi/vendor/codeigniter4/framework/system/Database/Config.php(78): CodeIgniter\Database\Database->load()
#2 /home/gusanwa/Programming/Code_igniter/Kelompok_6_Skripsi/skripsi/vendor/codeigniter4/framework/system/Common.php(312): CodeIgniter\Database\Config::connect()
#3 /home/gusanwa/Programming/Code_igniter/Kelompok_6_Skripsi/skripsi/vendor/codeigniter4/framework/system/Database/MigrationRunner.php(149): db_connect()
#4 /home/gusanwa/Programming/Code_igniter/Kelompok_6_Skripsi/skripsi/vendor/codeigniter4/framework/system/Config/Services.php(376): CodeIgniter\Database\MigrationRunner->__construct()
#5 /home/gusanwa/Programming/Code_igniter/Kelompok_6_Skripsi/skripsi/vendor/codeigniter4/framework/system/Config/BaseService.php(248): CodeIgniter\Config\Services::migrations()
#6 /home/gusanwa/Programming/Code_igniter/Kelompok_6_Skripsi/skripsi/vendor/codeigniter4/framework/system/Config/BaseService.php(189): CodeIgniter\Config\BaseService::__callStatic()
#7 /home/gusanwa/Programming/Code_igniter/Kelompok_6_Skripsi/skripsi/vendor/codeigniter4/framework/system/Config/Services.php(371): CodeIgniter\Config\BaseService::getSharedInstance()
#8 /home/gusanwa/Programming/Code_igniter/Kelompok_6_Skripsi/skripsi/vendor/codeigniter4/framework/system/Config/BaseService.php(248): CodeIgniter\Config\Services::migrations()
#9 /home/gusanwa/Programming/Code_igniter/Kelompok_6_Skripsi/skripsi/vendor/codeigniter4/framework/system/Commands/Database/Migrate.php(69): CodeIgniter\Config\BaseService::__callStatic()
#10 /home/gusanwa/Programming/Code_igniter/Kelompok_6_Skripsi/skripsi/vendor/codeigniter4/framework/system/CLI/Commands.php(63): CodeIgniter\Commands\Database\Migrate->run()
#11 /home/gusanwa/Programming/Code_igniter/Kelompok_6_Skripsi/skripsi/vendor/codeigniter4/framework/system/CLI/CommandRunner.php(70): CodeIgniter\CLI\Commands->run()
#12 /home/gusanwa/Programming/Code_igniter/Kelompok_6_Skripsi/skripsi/vendor/codeigniter4/framework/system/CLI/CommandRunner.php(56): CodeIgniter\CLI\CommandRunner->index()
#13 /home/gusanwa/Programming/Code_igniter/Kelompok_6_Skripsi/skripsi/vendor/codeigniter4/framework/system/CodeIgniter.php(822): CodeIgniter\CLI\CommandRunner->_remap()
#14 /home/gusanwa/Programming/Code_igniter/Kelompok_6_Skripsi/skripsi/vendor/codeigniter4/framework/system/CodeIgniter.php(410): CodeIgniter\CodeIgniter->runController()
#15 /home/gusanwa/Programming/Code_igniter/Kelompok_6_Skripsi/skripsi/vendor/codeigniter4/framework/system/CodeIgniter.php(318): CodeIgniter\CodeIgniter->handleRequest()
#16 /home/gusanwa/Programming/Code_igniter/Kelompok_6_Skripsi/skripsi/vendor/codeigniter4/framework/system/CLI/Console.php(48): CodeIgniter\CodeIgniter->run()
#17 /home/gusanwa/Programming/Code_igniter/Kelompok_6_Skripsi/skripsi/spark(63): CodeIgniter\CLI\Console->run()
#18 {main}
ERROR - 2021-12-27 12:18:43 --> Column 'nama' cannot be null
CRITICAL - 2021-12-27 12:18:43 -->  route cannot be found while reverse-routing.
#0 /home/gusanwa/Programming/Code_igniter/Kelompok_6_Skripsi/skripsi/vendor/codeigniter4/framework/system/HTTP/RedirectResponse.php(56): CodeIgniter\HTTP\Exceptions\HTTPException::forInvalidRedirectRoute()
#1 /home/gusanwa/Programming/Code_igniter/Kelompok_6_Skripsi/skripsi/vendor/codeigniter4/framework/system/Common.php(840): CodeIgniter\HTTP\RedirectResponse->route()
#2 /home/gusanwa/Programming/Code_igniter/Kelompok_6_Skripsi/skripsi/app/Controllers/SkripsiController.php(26): redirect()
#3 /home/gusanwa/Programming/Code_igniter/Kelompok_6_Skripsi/skripsi/vendor/codeigniter4/framework/system/CodeIgniter.php(824): App\Controllers\SkripsiController->create()
#4 /home/gusanwa/Programming/Code_igniter/Kelompok_6_Skripsi/skripsi/vendor/codeigniter4/framework/system/CodeIgniter.php(410): CodeIgniter\CodeIgniter->runController()
#5 /home/gusanwa/Programming/Code_igniter/Kelompok_6_Skripsi/skripsi/vendor/codeigniter4/framework/system/CodeIgniter.php(318): CodeIgniter\CodeIgniter->handleRequest()
#6 /home/gusanwa/Programming/Code_igniter/Kelompok_6_Skripsi/skripsi/public/index.php(37): CodeIgniter\CodeIgniter->run()
#7 /home/gusanwa/Programming/Code_igniter/Kelompok_6_Skripsi/skripsi/vendor/codeigniter4/framework/system/Commands/Server/rewrite.php(43): require_once('...')
#8 {main}
ERROR - 2021-12-27 12:21:29 --> Column 'nama' cannot be null
CRITICAL - 2021-12-27 12:21:29 --> Column 'nama' cannot be null
#0 /home/gusanwa/Programming/Code_igniter/Kelompok_6_Skripsi/skripsi/vendor/codeigniter4/framework/system/Database/MySQLi/Connection.php(292): mysqli->query()
#1 /home/gusanwa/Programming/Code_igniter/Kelompok_6_Skripsi/skripsi/vendor/codeigniter4/framework/system/Database/BaseConnection.php(670): CodeIgniter\Database\MySQLi\Connection->execute()
#2 /home/gusanwa/Programming/Code_igniter/Kelompok_6_Skripsi/skripsi/vendor/codeigniter4/framework/system/Database/BaseConnection.php(598): CodeIgniter\Database\BaseConnection->simpleQuery()
#3 /home/gusanwa/Programming/Code_igniter/Kelompok_6_Skripsi/skripsi/vendor/codeigniter4/framework/system/Database/BaseBuilder.php(1759): CodeIgniter\Database\BaseConnection->query()
#4 /home/gusanwa/Programming/Code_igniter/Kelompok_6_Skripsi/skripsi/vendor/codeigniter4/framework/system/Model.php(239): CodeIgniter\Database\BaseBuilder->insert()
#5 /home/gusanwa/Programming/Code_igniter/Kelompok_6_Skripsi/skripsi/vendor/codeigniter4/framework/system/BaseModel.php(738): CodeIgniter\Model->doInsert()
#6 /home/gusanwa/Programming/Code_igniter/Kelompok_6_Skripsi/skripsi/vendor/codeigniter4/framework/system/Model.php(620): CodeIgniter\BaseModel->insert()
#7 /home/gusanwa/Programming/Code_igniter/Kelompok_6_Skripsi/skripsi/vendor/codeigniter4/framework/system/BaseModel.php(658): CodeIgniter\Model->insert()
#8 /home/gusanwa/Programming/Code_igniter/Kelompok_6_Skripsi/skripsi/app/Controllers/SkripsiController.php(22): CodeIgniter\BaseModel->save()
#9 /home/gusanwa/Programming/Code_igniter/Kelompok_6_Skripsi/skripsi/vendor/codeigniter4/framework/system/CodeIgniter.php(824): App\Controllers\SkripsiController->create()
#10 /home/gusanwa/Programming/Code_igniter/Kelompok_6_Skripsi/skripsi/vendor/codeigniter4/framework/system/CodeIgniter.php(410): CodeIgniter\CodeIgniter->runController()
#11 /home/gusanwa/Programming/Code_igniter/Kelompok_6_Skripsi/skripsi/vendor/codeigniter4/framework/system/CodeIgniter.php(318): CodeIgniter\CodeIgniter->handleRequest()
#12 /home/gusanwa/Programming/Code_igniter/Kelompok_6_Skripsi/skripsi/public/index.php(37): CodeIgniter\CodeIgniter->run()
#13 /home/gusanwa/Programming/Code_igniter/Kelompok_6_Skripsi/skripsi/vendor/codeigniter4/framework/system/Commands/Server/rewrite.php(43): require_once('...')
#14 {main}
CRITICAL - 2021-12-27 12:26:17 -->  route cannot be found while reverse-routing.
#0 /home/gusanwa/Programming/Code_igniter/Kelompok_6_Skripsi/skripsi/vendor/codeigniter4/framework/system/HTTP/RedirectResponse.php(56): CodeIgniter\HTTP\Exceptions\HTTPException::forInvalidRedirectRoute()
#1 /home/gusanwa/Programming/Code_igniter/Kelompok_6_Skripsi/skripsi/vendor/codeigniter4/framework/system/Common.php(840): CodeIgniter\HTTP\RedirectResponse->route()
#2 /home/gusanwa/Programming/Code_igniter/Kelompok_6_Skripsi/skripsi/app/Controllers/SkripsiController.php(28): redirect()
#3 /home/gusanwa/Programming/Code_igniter/Kelompok_6_Skripsi/skripsi/vendor/codeigniter4/framework/system/CodeIgniter.php(824): App\Controllers\SkripsiController->create()
#4 /home/gusanwa/Programming/Code_igniter/Kelompok_6_Skripsi/skripsi/vendor/codeigniter4/framework/system/CodeIgniter.php(410): CodeIgniter\CodeIgniter->runController()
#5 /home/gusanwa/Programming/Code_igniter/Kelompok_6_Skripsi/skripsi/vendor/codeigniter4/framework/system/CodeIgniter.php(318): CodeIgniter\CodeIgniter->handleRequest()
#6 /home/gusanwa/Programming/Code_igniter/Kelompok_6_Skripsi/skripsi/public/index.php(37): CodeIgniter\CodeIgniter->run()
#7 /home/gusanwa/Programming/Code_igniter/Kelompok_6_Skripsi/skripsi/vendor/codeigniter4/framework/system/Commands/Server/rewrite.php(43): require_once('...')
#8 {main}
CRITICAL - 2021-12-27 12:29:08 --> Undefined variable $skripsi
#0 /home/gusanwa/Programming/Code_igniter/Kelompok_6_Skripsi/skripsi/app/Views/skripsi.php(260): CodeIgniter\Debug\Exceptions->errorHandler()
#1 /home/gusanwa/Programming/Code_igniter/Kelompok_6_Skripsi/skripsi/vendor/codeigniter4/framework/system/View/View.php(214): include('...')
#2 /home/gusanwa/Programming/Code_igniter/Kelompok_6_Skripsi/skripsi/vendor/codeigniter4/framework/system/View/View.php(217): CodeIgniter\View\View->CodeIgniter\View\{closure}()
#3 /home/gusanwa/Programming/Code_igniter/Kelompok_6_Skripsi/skripsi/vendor/codeigniter4/framework/system/Common.php(1097): CodeIgniter\View\View->render()
#4 /home/gusanwa/Programming/Code_igniter/Kelompok_6_Skripsi/skripsi/app/Controllers/SkripsiController.php(9): view()
#5 /home/gusanwa/Programming/Code_igniter/Kelompok_6_Skripsi/skripsi/vendor/codeigniter4/framework/system/CodeIgniter.php(824): App\Controllers\SkripsiController->index()
#6 /home/gusanwa/Programming/Code_igniter/Kelompok_6_Skripsi/skripsi/vendor/codeigniter4/framework/system/CodeIgniter.php(410): CodeIgniter\CodeIgniter->runController()
#7 /home/gusanwa/Programming/Code_igniter/Kelompok_6_Skripsi/skripsi/vendor/codeigniter4/framework/system/CodeIgniter.php(318): CodeIgniter\CodeIgniter->handleRequest()
#8 /home/gusanwa/Programming/Code_igniter/Kelompok_6_Skripsi/skripsi/public/index.php(37): CodeIgniter\CodeIgniter->run()
#9 /home/gusanwa/Programming/Code_igniter/Kelompok_6_Skripsi/skripsi/vendor/codeigniter4/framework/system/Commands/Server/rewrite.php(43): require_once('...')
#10 {main}
CRITICAL - 2021-12-27 12:39:14 -->  route cannot be found while reverse-routing.
#0 /home/gusanwa/Programming/Code_igniter/Kelompok_6_Skripsi/skripsi/vendor/codeigniter4/framework/system/HTTP/RedirectResponse.php(56): CodeIgniter\HTTP\Exceptions\HTTPException::forInvalidRedirectRoute()
#1 /home/gusanwa/Programming/Code_igniter/Kelompok_6_Skripsi/skripsi/vendor/codeigniter4/framework/system/Common.php(840): CodeIgniter\HTTP\RedirectResponse->route()
#2 /home/gusanwa/Programming/Code_igniter/Kelompok_6_Skripsi/skripsi/app/Controllers/SkripsiController.php(38): redirect()
#3 /home/gusanwa/Programming/Code_igniter/Kelompok_6_Skripsi/skripsi/vendor/codeigniter4/framework/system/CodeIgniter.php(824): App\Controllers\SkripsiController->create()
#4 /home/gusanwa/Programming/Code_igniter/Kelompok_6_Skripsi/skripsi/vendor/codeigniter4/framework/system/CodeIgniter.php(410): CodeIgniter\CodeIgniter->runController()
#5 /home/gusanwa/Programming/Code_igniter/Kelompok_6_Skripsi/skripsi/vendor/codeigniter4/framework/system/CodeIgniter.php(318): CodeIgniter\CodeIgniter->handleRequest()
#6 /home/gusanwa/Programming/Code_igniter/Kelompok_6_Skripsi/skripsi/public/index.php(37): CodeIgniter\CodeIgniter->run()
#7 /home/gusanwa/Programming/Code_igniter/Kelompok_6_Skripsi/skripsi/vendor/codeigniter4/framework/system/Commands/Server/rewrite.php(43): require_once('...')
#8 {main}
CRITICAL - 2021-12-27 12:42:51 -->  route cannot be found while reverse-routing.
#0 /home/gusanwa/Programming/Code_igniter/Kelompok_6_Skripsi/skripsi/vendor/codeigniter4/framework/system/HTTP/RedirectResponse.php(56): CodeIgniter\HTTP\Exceptions\HTTPException::forInvalidRedirectRoute()
#1 /home/gusanwa/Programming/Code_igniter/Kelompok_6_Skripsi/skripsi/vendor/codeigniter4/framework/system/Common.php(840): CodeIgniter\HTTP\RedirectResponse->route()
#2 /home/gusanwa/Programming/Code_igniter/Kelompok_6_Skripsi/skripsi/app/Controllers/SkripsiController.php(19): redirect()
#3 /home/gusanwa/Programming/Code_igniter/Kelompok_6_Skripsi/skripsi/vendor/codeigniter4/framework/system/CodeIgniter.php(824): App\Controllers\SkripsiController->index_tambahkan()
#4 /home/gusanwa/Programming/Code_igniter/Kelompok_6_Skripsi/skripsi/vendor/codeigniter4/framework/system/CodeIgniter.php(410): CodeIgniter\CodeIgniter->runController()
#5 /home/gusanwa/Programming/Code_igniter/Kelompok_6_Skripsi/skripsi/vendor/codeigniter4/framework/system/CodeIgniter.php(318): CodeIgniter\CodeIgniter->handleRequest()
#6 /home/gusanwa/Programming/Code_igniter/Kelompok_6_Skripsi/skripsi/public/index.php(37): CodeIgniter\CodeIgniter->run()
#7 /home/gusanwa/Programming/Code_igniter/Kelompok_6_Skripsi/skripsi/vendor/codeigniter4/framework/system/Commands/Server/rewrite.php(43): require_once('...')
#8 {main}
CRITICAL - 2021-12-27 12:42:59 -->  route cannot be found while reverse-routing.
#0 /home/gusanwa/Programming/Code_igniter/Kelompok_6_Skripsi/skripsi/vendor/codeigniter4/framework/system/HTTP/RedirectResponse.php(56): CodeIgniter\HTTP\Exceptions\HTTPException::forInvalidRedirectRoute()
#1 /home/gusanwa/Programming/Code_igniter/Kelompok_6_Skripsi/skripsi/vendor/codeigniter4/framework/system/Common.php(840): CodeIgniter\HTTP\RedirectResponse->route()
#2 /home/gusanwa/Programming/Code_igniter/Kelompok_6_Skripsi/skripsi/app/Controllers/SkripsiController.php(19): redirect()
#3 /home/gusanwa/Programming/Code_igniter/Kelompok_6_Skripsi/skripsi/vendor/codeigniter4/framework/system/CodeIgniter.php(824): App\Controllers\SkripsiController->index_tambahkan()
#4 /home/gusanwa/Programming/Code_igniter/Kelompok_6_Skripsi/skripsi/vendor/codeigniter4/framework/system/CodeIgniter.php(410): CodeIgniter\CodeIgniter->runController()
#5 /home/gusanwa/Programming/Code_igniter/Kelompok_6_Skripsi/skripsi/vendor/codeigniter4/framework/system/CodeIgniter.php(318): CodeIgniter\CodeIgniter->handleRequest()
#6 /home/gusanwa/Programming/Code_igniter/Kelompok_6_Skripsi/skripsi/public/index.php(37): CodeIgniter\CodeIgniter->run()
#7 /home/gusanwa/Programming/Code_igniter/Kelompok_6_Skripsi/skripsi/vendor/codeigniter4/framework/system/Commands/Server/rewrite.php(43): require_once('...')
#8 {main}
CRITICAL - 2021-12-27 12:46:42 --> Undefined variable $data
#0 /home/gusanwa/Programming/Code_igniter/Kelompok_6_Skripsi/skripsi/app/Views/skripsi.php(260): CodeIgniter\Debug\Exceptions->errorHandler()
#1 /home/gusanwa/Programming/Code_igniter/Kelompok_6_Skripsi/skripsi/vendor/codeigniter4/framework/system/View/View.php(214): include('...')
#2 /home/gusanwa/Programming/Code_igniter/Kelompok_6_Skripsi/skripsi/vendor/codeigniter4/framework/system/View/View.php(217): CodeIgniter\View\View->CodeIgniter\View\{closure}()
#3 /home/gusanwa/Programming/Code_igniter/Kelompok_6_Skripsi/skripsi/vendor/codeigniter4/framework/system/Common.php(1097): CodeIgniter\View\View->render()
#4 /home/gusanwa/Programming/Code_igniter/Kelompok_6_Skripsi/skripsi/app/Controllers/SkripsiController.php(13): view()
#5 /home/gusanwa/Programming/Code_igniter/Kelompok_6_Skripsi/skripsi/vendor/codeigniter4/framework/system/CodeIgniter.php(824): App\Controllers\SkripsiController->index()
#6 /home/gusanwa/Programming/Code_igniter/Kelompok_6_Skripsi/skripsi/vendor/codeigniter4/framework/system/CodeIgniter.php(410): CodeIgniter\CodeIgniter->runController()
#7 /home/gusanwa/Programming/Code_igniter/Kelompok_6_Skripsi/skripsi/vendor/codeigniter4/framework/system/CodeIgniter.php(318): CodeIgniter\CodeIgniter->handleRequest()
#8 /home/gusanwa/Programming/Code_igniter/Kelompok_6_Skripsi/skripsi/public/index.php(37): CodeIgniter\CodeIgniter->run()
#9 /home/gusanwa/Programming/Code_igniter/Kelompok_6_Skripsi/skripsi/vendor/codeigniter4/framework/system/Commands/Server/rewrite.php(43): require_once('...')
#10 {main}
CRITICAL - 2021-12-27 12:47:49 --> Undefined array key "no_telp"
#0 /home/gusanwa/Programming/Code_igniter/Kelompok_6_Skripsi/skripsi/app/Views/skripsi.php(264): CodeIgniter\Debug\Exceptions->errorHandler()
#1 /home/gusanwa/Programming/Code_igniter/Kelompok_6_Skripsi/skripsi/vendor/codeigniter4/framework/system/View/View.php(214): include('...')
#2 /home/gusanwa/Programming/Code_igniter/Kelompok_6_Skripsi/skripsi/vendor/codeigniter4/framework/system/View/View.php(217): CodeIgniter\View\View->CodeIgniter\View\{closure}()
#3 /home/gusanwa/Programming/Code_igniter/Kelompok_6_Skripsi/skripsi/vendor/codeigniter4/framework/system/Common.php(1097): CodeIgniter\View\View->render()
#4 /home/gusanwa/Programming/Code_igniter/Kelompok_6_Skripsi/skripsi/app/Controllers/SkripsiController.php(13): view()
#5 /home/gusanwa/Programming/Code_igniter/Kelompok_6_Skripsi/skripsi/vendor/codeigniter4/framework/system/CodeIgniter.php(824): App\Controllers\SkripsiController->index()
#6 /home/gusanwa/Programming/Code_igniter/Kelompok_6_Skripsi/skripsi/vendor/codeigniter4/framework/system/CodeIgniter.php(410): CodeIgniter\CodeIgniter->runController()
#7 /home/gusanwa/Programming/Code_igniter/Kelompok_6_Skripsi/skripsi/vendor/codeigniter4/framework/system/CodeIgniter.php(318): CodeIgniter\CodeIgniter->handleRequest()
#8 /home/gusanwa/Programming/Code_igniter/Kelompok_6_Skripsi/skripsi/public/index.php(37): CodeIgniter\CodeIgniter->run()
#9 /home/gusanwa/Programming/Code_igniter/Kelompok_6_Skripsi/skripsi/vendor/codeigniter4/framework/system/Commands/Server/rewrite.php(43): require_once('...')
#10 {main}
CRITICAL - 2021-12-27 12:54:27 --> Undefined variable $data
#0 /home/gusanwa/Programming/Code_igniter/Kelompok_6_Skripsi/skripsi/app/Controllers/SkripsiController.php(50): CodeIgniter\Debug\Exceptions->errorHandler()
#1 /home/gusanwa/Programming/Code_igniter/Kelompok_6_Skripsi/skripsi/vendor/codeigniter4/framework/system/CodeIgniter.php(824): App\Controllers\SkripsiController->naiksidang()
#2 /home/gusanwa/Programming/Code_igniter/Kelompok_6_Skripsi/skripsi/vendor/codeigniter4/framework/system/CodeIgniter.php(410): CodeIgniter\CodeIgniter->runController()
#3 /home/gusanwa/Programming/Code_igniter/Kelompok_6_Skripsi/skripsi/vendor/codeigniter4/framework/system/CodeIgniter.php(318): CodeIgniter\CodeIgniter->handleRequest()
#4 /home/gusanwa/Programming/Code_igniter/Kelompok_6_Skripsi/skripsi/public/index.php(37): CodeIgniter\CodeIgniter->run()
#5 /home/gusanwa/Programming/Code_igniter/Kelompok_6_Skripsi/skripsi/vendor/codeigniter4/framework/system/Commands/Server/rewrite.php(43): require_once('...')
#6 {main}
CRITICAL - 2021-12-27 12:54:54 --> Undefined variable $skripsi
#0 /home/gusanwa/Programming/Code_igniter/Kelompok_6_Skripsi/skripsi/app/Views/skripsi.php(260): CodeIgniter\Debug\Exceptions->errorHandler()
#1 /home/gusanwa/Programming/Code_igniter/Kelompok_6_Skripsi/skripsi/vendor/codeigniter4/framework/system/View/View.php(214): include('...')
#2 /home/gusanwa/Programming/Code_igniter/Kelompok_6_Skripsi/skripsi/vendor/codeigniter4/framework/system/View/View.php(217): CodeIgniter\View\View->CodeIgniter\View\{closure}()
#3 /home/gusanwa/Programming/Code_igniter/Kelompok_6_Skripsi/skripsi/vendor/codeigniter4/framework/system/Common.php(1097): CodeIgniter\View\View->render()
#4 /home/gusanwa/Programming/Code_igniter/Kelompok_6_Skripsi/skripsi/app/Controllers/SkripsiController.php(50): view()
#5 /home/gusanwa/Programming/Code_igniter/Kelompok_6_Skripsi/skripsi/vendor/codeigniter4/framework/system/CodeIgniter.php(824): App\Controllers\SkripsiController->naiksidang()
#6 /home/gusanwa/Programming/Code_igniter/Kelompok_6_Skripsi/skripsi/vendor/codeigniter4/framework/system/CodeIgniter.php(410): CodeIgniter\CodeIgniter->runController()
#7 /home/gusanwa/Programming/Code_igniter/Kelompok_6_Skripsi/skripsi/vendor/codeigniter4/framework/system/CodeIgniter.php(318): CodeIgniter\CodeIgniter->handleRequest()
#8 /home/gusanwa/Programming/Code_igniter/Kelompok_6_Skripsi/skripsi/public/index.php(37): CodeIgniter\CodeIgniter->run()
#9 /home/gusanwa/Programming/Code_igniter/Kelompok_6_Skripsi/skripsi/vendor/codeigniter4/framework/system/Commands/Server/rewrite.php(43): require_once('...')
#10 {main}
CRITICAL - 2021-12-27 12:56:47 --> CodeIgniter\HTTP\RedirectResponse::to(): Argument #2 ($code) must be of type ?int, array given, called in /home/gusanwa/Programming/Code_igniter/Kelompok_6_Skripsi/skripsi/app/Controllers/SkripsiController.php on line 51
#0 /home/gusanwa/Programming/Code_igniter/Kelompok_6_Skripsi/skripsi/app/Controllers/SkripsiController.php(51): CodeIgniter\HTTP\RedirectResponse->to()
#1 /home/gusanwa/Programming/Code_igniter/Kelompok_6_Skripsi/skripsi/vendor/codeigniter4/framework/system/CodeIgniter.php(824): App\Controllers\SkripsiController->naiksidang()
#2 /home/gusanwa/Programming/Code_igniter/Kelompok_6_Skripsi/skripsi/vendor/codeigniter4/framework/system/CodeIgniter.php(410): CodeIgniter\CodeIgniter->runController()
#3 /home/gusanwa/Programming/Code_igniter/Kelompok_6_Skripsi/skripsi/vendor/codeigniter4/framework/system/CodeIgniter.php(318): CodeIgniter\CodeIgniter->handleRequest()
#4 /home/gusanwa/Programming/Code_igniter/Kelompok_6_Skripsi/skripsi/public/index.php(37): CodeIgniter\CodeIgniter->run()
#5 /home/gusanwa/Programming/Code_igniter/Kelompok_6_Skripsi/skripsi/vendor/codeigniter4/framework/system/Commands/Server/rewrite.php(43): require_once('...')
#6 {main}
CRITICAL - 2021-12-27 12:57:50 --> CodeIgniter\HTTP\RedirectResponse::to(): Argument #2 ($code) must be of type ?int, array given, called in /home/gusanwa/Programming/Code_igniter/Kelompok_6_Skripsi/skripsi/app/Controllers/SkripsiController.php on line 51
#0 /home/gusanwa/Programming/Code_igniter/Kelompok_6_Skripsi/skripsi/app/Controllers/SkripsiController.php(51): CodeIgniter\HTTP\RedirectResponse->to()
#1 /home/gusanwa/Programming/Code_igniter/Kelompok_6_Skripsi/skripsi/vendor/codeigniter4/framework/system/CodeIgniter.php(824): App\Controllers\SkripsiController->naiksidang()
#2 /home/gusanwa/Programming/Code_igniter/Kelompok_6_Skripsi/skripsi/vendor/codeigniter4/framework/system/CodeIgniter.php(410): CodeIgniter\CodeIgniter->runController()
#3 /home/gusanwa/Programming/Code_igniter/Kelompok_6_Skripsi/skripsi/vendor/codeigniter4/framework/system/CodeIgniter.php(318): CodeIgniter\CodeIgniter->handleRequest()
#4 /home/gusanwa/Programming/Code_igniter/Kelompok_6_Skripsi/skripsi/public/index.php(37): CodeIgniter\CodeIgniter->run()
#5 /home/gusanwa/Programming/Code_igniter/Kelompok_6_Skripsi/skripsi/vendor/codeigniter4/framework/system/Commands/Server/rewrite.php(43): require_once('...')
#6 {main}
CRITICAL - 2021-12-27 12:58:06 --> CodeIgniter\HTTP\RedirectResponse::to(): Argument #2 ($code) must be of type ?int, array given, called in /home/gusanwa/Programming/Code_igniter/Kelompok_6_Skripsi/skripsi/app/Controllers/SkripsiController.php on line 51
#0 /home/gusanwa/Programming/Code_igniter/Kelompok_6_Skripsi/skripsi/app/Controllers/SkripsiController.php(51): CodeIgniter\HTTP\RedirectResponse->to()
#1 /home/gusanwa/Programming/Code_igniter/Kelompok_6_Skripsi/skripsi/vendor/codeigniter4/framework/system/CodeIgniter.php(824): App\Controllers\SkripsiController->naiksidang()
#2 /home/gusanwa/Programming/Code_igniter/Kelompok_6_Skripsi/skripsi/vendor/codeigniter4/framework/system/CodeIgniter.php(410): CodeIgniter\CodeIgniter->runController()
#3 /home/gusanwa/Programming/Code_igniter/Kelompok_6_Skripsi/skripsi/vendor/codeigniter4/framework/system/CodeIgniter.php(318): CodeIgniter\CodeIgniter->handleRequest()
#4 /home/gusanwa/Programming/Code_igniter/Kelompok_6_Skripsi/skripsi/public/index.php(37): CodeIgniter\CodeIgniter->run()
#5 /home/gusanwa/Programming/Code_igniter/Kelompok_6_Skripsi/skripsi/vendor/codeigniter4/framework/system/Commands/Server/rewrite.php(43): require_once('...')
#6 {main}
CRITICAL - 2021-12-27 13:00:01 --> Undefined variable $data
#0 /home/gusanwa/Programming/Code_igniter/Kelompok_6_Skripsi/skripsi/app/Controllers/SkripsiController.php(50): CodeIgniter\Debug\Exceptions->errorHandler()
#1 /home/gusanwa/Programming/Code_igniter/Kelompok_6_Skripsi/skripsi/vendor/codeigniter4/framework/system/CodeIgniter.php(824): App\Controllers\SkripsiController->naiksidang()
#2 /home/gusanwa/Programming/Code_igniter/Kelompok_6_Skripsi/skripsi/vendor/codeigniter4/framework/system/CodeIgniter.php(410): CodeIgniter\CodeIgniter->runController()
#3 /home/gusanwa/Programming/Code_igniter/Kelompok_6_Skripsi/skripsi/vendor/codeigniter4/framework/system/CodeIgniter.php(318): CodeIgniter\CodeIgniter->handleRequest()
#4 /home/gusanwa/Programming/Code_igniter/Kelompok_6_Skripsi/skripsi/public/index.php(37): CodeIgniter\CodeIgniter->run()
#5 /home/gusanwa/Programming/Code_igniter/Kelompok_6_Skripsi/skripsi/vendor/codeigniter4/framework/system/Commands/Server/rewrite.php(43): require_once('...')
#6 {main}
CRITICAL - 2021-12-27 13:01:22 --> Undefined variable $data
#0 /home/gusanwa/Programming/Code_igniter/Kelompok_6_Skripsi/skripsi/app/Controllers/SkripsiController.php(50): CodeIgniter\Debug\Exceptions->errorHandler()
#1 /home/gusanwa/Programming/Code_igniter/Kelompok_6_Skripsi/skripsi/vendor/codeigniter4/framework/system/CodeIgniter.php(824): App\Controllers\SkripsiController->naiksidang()
#2 /home/gusanwa/Programming/Code_igniter/Kelompok_6_Skripsi/skripsi/vendor/codeigniter4/framework/system/CodeIgniter.php(410): CodeIgniter\CodeIgniter->runController()
#3 /home/gusanwa/Programming/Code_igniter/Kelompok_6_Skripsi/skripsi/vendor/codeigniter4/framework/system/CodeIgniter.php(318): CodeIgniter\CodeIgniter->handleRequest()
#4 /home/gusanwa/Programming/Code_igniter/Kelompok_6_Skripsi/skripsi/public/index.php(37): CodeIgniter\CodeIgniter->run()
#5 /home/gusanwa/Programming/Code_igniter/Kelompok_6_Skripsi/skripsi/vendor/codeigniter4/framework/system/Commands/Server/rewrite.php(43): require_once('...')
#6 {main}
